0 info it worked if it ends with ok
1 verbose cli [ 'c:\\Program Files\\nodejs\\node.exe',
1 verbose cli   'c:\\Program Files\\nodejs\\node_modules\\npm\\bin\\npm-cli.js',
1 verbose cli   'install',
1 verbose cli   '--save',
1 verbose cli   'Q' ]
2 info using npm@1.4.28
3 info using node@v0.10.33
4 verbose readDependencies using package.json deps
5 verbose cache add [ 'Q', null ]
6 verbose cache add name=undefined spec="Q" args=["Q",null]
7 verbose parsed url { protocol: null,
7 verbose parsed url   slashes: null,
7 verbose parsed url   auth: null,
7 verbose parsed url   host: null,
7 verbose parsed url   port: null,
7 verbose parsed url   hostname: null,
7 verbose parsed url   hash: null,
7 verbose parsed url   search: null,
7 verbose parsed url   query: null,
7 verbose parsed url   pathname: 'Q',
7 verbose parsed url   path: 'Q',
7 verbose parsed url   href: 'Q' }
8 silly lockFile c3156e00-Q Q
9 verbose lock Q C:\Users\Mitko\AppData\Roaming\npm-cache\c3156e00-Q.lock
10 silly lockFile c3156e00-Q Q
11 silly lockFile c3156e00-Q Q
12 verbose addNamed [ 'Q', '' ]
13 verbose addNamed [ null, '*' ]
14 silly lockFile 561e3931-Q Q@
15 verbose lock Q@ C:\Users\Mitko\AppData\Roaming\npm-cache\561e3931-Q.lock
16 silly addNameRange { name: 'Q', range: '*', hasData: false }
17 verbose request where is /Q
18 verbose request registry https://registry.npmjs.org/
19 verbose request id 51cd651b125ecd81
20 verbose url raw /Q
21 verbose url resolving [ 'https://registry.npmjs.org/', './Q' ]
22 verbose url resolved https://registry.npmjs.org/Q
23 verbose request where is https://registry.npmjs.org/Q
24 info trying registry request attempt 1 at 00:25:35
25 verbose etag "20ZZS9BC1XO4VN90DRWZHDAIP"
26 http GET https://registry.npmjs.org/Q
27 http 404 https://registry.npmjs.org/Q
28 silly registry.get cb [ 404,
28 silly registry.get   { 'content-type': 'application/json',
28 silly registry.get     'cache-control': 'max-age=0',
28 silly registry.get     'content-length': '2',
28 silly registry.get     'accept-ranges': 'bytes',
28 silly registry.get     date: 'Sat, 16 Jan 2016 22:25:32 GMT',
28 silly registry.get     via: '1.1 varnish',
28 silly registry.get     age: '0',
28 silly registry.get     connection: 'keep-alive',
28 silly registry.get     'x-served-by': 'cache-fra1248-FRA',
28 silly registry.get     'x-cache': 'MISS',
28 silly registry.get     'x-cache-hits': '0',
28 silly registry.get     'x-timer': 'S1452983132.588011,VS0,VE405' } ]
29 silly lockFile 561e3931-Q Q@
30 silly lockFile 561e3931-Q Q@
31 error 404 Not Found
31 error 404
31 error 404 'Q' is not in the npm registry.
31 error 404 You should bug the author to publish it
31 error 404 It was specified as a dependency of 'widgets'
31 error 404
31 error 404 Note that you can also install from a
31 error 404 tarball, folder, or http url, or git url.
32 error System Windows_NT 6.1.7601
33 error command "c:\\Program Files\\nodejs\\node.exe" "c:\\Program Files\\nodejs\\node_modules\\npm\\bin\\npm-cli.js" "install" "--save" "Q"
34 error cwd c:\reps\widgets
35 error node -v v0.10.33
36 error npm -v 1.4.28
37 error code E404
38 verbose exit [ 1, true ]
